[    0.000000] Initializing cgroup subsys cpuset
[    0.000000] Initializing cgroup subsys cpu
[    0.000000] Initializing cgroup subsys cpuacct
[    0.000000] Linux version 4.4.0-210-generic (buildd@lgw01-amd64-009) (gcc version 5.4.0 20160609 (Ubuntu 5.4.0-6ubuntu1~16.04.12) ) #242-Ubuntu SMP Fri Apr 16 09:57:56 UTC 2021 (Ubuntu 4.4.0-210.242-generic 4.4.262)
[    0.000000] Command line: BOOT_IMAGE=/boot/vmlinuz-4.4.0-210-generic root=LABEL=cloudimg-rootfs ro console=tty1 console=ttyS0
[    0.000000] KERNEL supported cpus:
[    0.000000]   Intel GenuineIntel
[    0.000000]   AMD AuthenticAMD
[    0.000000]   Centaur CentaurHauls
[    0.000000] x86/fpu: xstate_offset[2]:  576, xstate_sizes[2]:  256
[    0.000000] x86/fpu: Supporting XSAVE feature 0x01: 'x87 floating point registers'
[    0.000000] x86/fpu: Supporting XSAVE feature 0x02: 'SSE registers'
[    0.000000] x86/fpu: Supporting XSAVE feature 0x04: 'AVX registers'
[    0.000000] x86/fpu: Enabled xstate features 0x7, context size is 832 bytes, using 'standard' format.
[    0.000000] e820: BIOS-provided physical RAM map:
[    0.000000] BIOS-e820: [mem 0x0000000000000000-0x000000000009fbff] usable
[    0.000000] BIOS-e820: [mem 0x000000000009fc00-0x000000000009ffff] reserved
[    0.000000] BIOS-e820: [mem 0x00000000000f0000-0x00000000000fffff] reserved
[    0.000000] BIOS-e820: [mem 0x0000000000100000-0x000000003ffeffff] usable
[    0.000000] BIOS-e820: [mem 0x000000003fff0000-0x000000003fffffff] ACPI data
[    0.000000] BIOS-e820: [mem 0x00000000fec00000-0x00000000fec00fff] reserved
[    0.000000] BIOS-e820: [mem 0x00000000fee00000-0x00000000fee00fff] reserved
[    0.000000] BIOS-e820: [mem 0x00000000fffc0000-0x00000000ffffffff] reserved
[    0.000000] NX (Execute Disable) protection: active
[    0.000000] SMBIOS 2.5 present.
[    0.000000] Hypervisor detected: KVM
[    0.000000] e820: last_pfn = 0x3fff0 max_arch_pfn = 0x400000000
[    0.000000] MTRR: Disabled
[    0.000000] x86/PAT: MTRRs disabled, skipping PAT initialization too.
[    0.000000] CPU MTRRs all blank - virtualized system.
[    0.000000] x86/PAT: Configuration [0-7]: WB  WT  UC- UC  WB  WT  UC- UC  
[    0.000000] found SMP MP-table at [mem 0x0009fff0-0x0009ffff] mapped at [ffff88000009fff0]
[    0.000000] Scanning 1 areas for low memory corruption
[    0.000000] RAMDISK: [mem 0x362dc000-0x37165fff]
[    0.000000] ACPI: Early table checksum verification disabled
[    0.000000] ACPI: RSDP 0x00000000000E0000 000024 (v02 VBOX  )
[    0.000000] ACPI: XSDT 0x000000003FFF0030 00003C (v01 VBOX   VBOXXSDT 00000001 ASL  00000061)
[    0.000000] ACPI: FACP 0x000000003FFF00F0 0000F4 (v04 VBOX   VBOXFACP 00000001 ASL  00000061)
[    0.000000] ACPI: DSDT 0x000000003FFF0470 002325 (v02 VBOX   VBOXBIOS 00000002 INTL 20200925)
[    0.000000] ACPI: FACS 0x000000003FFF0200 000040
[    0.000000] ACPI: FACS 0x000000003FFF0200 000040
[    0.000000] ACPI: APIC 0x000000003FFF0240 00005C (v02 VBOX   VBOXAPIC 00000001 ASL  00000061)
[    0.000000] ACPI: SSDT 0x000000003FFF02A0 0001CC (v01 VBOX   VBOXCPUT 00000002 INTL 20200925)
[    0.000000] No NUMA configuration found
[    0.000000] Faking a node at [mem 0x0000000000000000-0x000000003ffeffff]
[    0.000000] NODE_DATA(0) allocated [mem 0x3ffeb000-0x3ffeffff]
[    0.000000] kvm-clock: Using msrs 4b564d01 and 4b564d00
[    0.000000] kvm-clock: cpu 0, msr 0:3ffe3001, primary cpu clock
[    0.000000] kvm-clock: using sched offset of 3006994157 cycles
[    0.000000] clocksource: kvm-clock: mask: 0xffffffffffffffff max_cycles: 0x1cd42e4dffb, max_idle_ns: 881590591483 ns
[    0.000000] Zone ranges:
[    0.000000]   DMA      [mem 0x0000000000001000-0x0000000000ffffff]
[    0.000000]   DMA32    [mem 0x0000000001000000-0x000000003ffeffff]
[    0.000000]   Normal   empty
[    0.000000]   Device   empty
[    0.000000] Movable zone start for each node
[    0.000000] Early memory node ranges
[    0.000000]   node   0: [mem 0x0000000000001000-0x000000000009efff]
[    0.000000]   node   0: [mem 0x0000000000100000-0x000000003ffeffff]
[    0.000000] Initmem setup node 0 [mem 0x0000000000001000-0x000000003ffeffff]
[    0.000000] ACPI: PM-Timer IO Port: 0x4008
[    0.000000] IOAPIC[0]: apic_id 2, version 32, address 0xfec00000, GSI 0-23
[    0.000000] ACPI: INT_SRC_OVR (bus 0 bus_irq 0 global_irq 2 dfl dfl)
[    0.000000] ACPI: INT_SRC_OVR (bus 0 bus_irq 9 global_irq 9 low level)
[    0.000000] Using ACPI (MADT) for SMP configuration information
[    0.000000] smpboot: Allowing 2 CPUs, 0 hotplug CPUs
[    0.000000] PM: Registered nosave memory: [mem 0x00000000-0x00000fff]
[    0.000000] PM: Registered nosave memory: [mem 0x0009f000-0x0009ffff]
[    0.000000] PM: Registered nosave memory: [mem 0x000a0000-0x000effff]
[    0.000000] PM: Registered nosave memory: [mem 0x000f0000-0x000fffff]
[    0.000000] e820: [mem 0x40000000-0xfebfffff] available for PCI devices
[    0.000000] Booting paravirtualized kernel on KVM
[    0.000000] clocksource: refined-jiffies: mask: 0xffffffff max_cycles: 0xffffffff, max_idle_ns: 7645519600211568 ns
[    0.000000] setup_percpu: NR_CPUS:512 nr_cpumask_bits:512 nr_cpu_ids:2 nr_node_ids:1
[    0.000000] PERCPU: Embedded 33 pages/cpu @ffff88003fc00000 s95192 r8192 d31784 u1048576
[    0.000000] Built 1 zonelists in Node order, mobility grouping on.  Total pages: 257912
[    0.000000] Policy zone: DMA32
[    0.000000] Kernel command line: BOOT_IMAGE=/boot/vmlinuz-4.4.0-210-generic root=LABEL=cloudimg-rootfs ro console=tty1 console=ttyS0
[    0.000000] PID hash table entries: 4096 (order: 3, 32768 bytes)
[    0.000000] Memory: 997792K/1048120K available (8644K kernel code, 1332K rwdata, 4044K rodata, 1492K init, 1164K bss, 50328K reserved, 0K cma-reserved)
[    0.000000] SLUB: HWalign=64, Order=0-3, MinObjects=0, CPUs=2, Nodes=1
[    0.000000] Kernel/User page tables isolation: enabled
[    0.000000] Hierarchical RCU implementation.
[    0.000000] 	Build-time adjustment of leaf fanout to 64.
[    0.000000] 	RCU restricting CPUs from NR_CPUS=512 to nr_cpu_ids=2.
[    0.000000] RCU: Adjusting geometry for rcu_fanout_leaf=64, nr_cpu_ids=2
[    0.000000] NR_IRQS:33024 nr_irqs:440 16
[    0.000000] Console: colour VGA+ 80x25
[    0.000000] console [tty1] enabled
[    0.000000] console [ttyS0] enabled
[    0.000000] tsc: Detected 2496.000 MHz processor
[    0.111030] Calibrating delay loop (skipped) preset value.. 4992.00 BogoMIPS (lpj=9984000)
[    0.112426] pid_max: default: 32768 minimum: 301
[    0.113408] ACPI: Core revision 20150930
[    0.114716] ACPI: 2 ACPI AML tables successfully acquired and loaded
[    0.115786] Security Framework initialized
[    0.116452] Yama: becoming mindful.
[    0.117094] AppArmor: AppArmor initialized
[    0.118119] Dentry cache hash table entries: 131072 (order: 8, 1048576 bytes)
[    0.120389] Inode-cache hash table entries: 65536 (order: 7, 524288 bytes)
[    0.121472] Mount-cache hash table entries: 2048 (order: 2, 16384 bytes)
[    0.122514] Mountpoint-cache hash table entries: 2048 (order: 2, 16384 bytes)
[    0.123742] Initializing cgroup subsys io
[    0.124507] Initializing cgroup subsys memory
[    0.125405] Initializing cgroup subsys devices
[    0.126489] Initializing cgroup subsys freezer
[    0.127243] Initializing cgroup subsys net_cls
[    0.127982] Initializing cgroup subsys perf_event
[    0.128810] Initializing cgroup subsys net_prio
[    0.129810] Initializing cgroup subsys hugetlb
[    0.130593] Initializing cgroup subsys pids
[    0.134142] mce: CPU supports 0 MCE banks
[    0.135273] Last level iTLB entries: 4KB 0, 2MB 0, 4MB 0
[    0.136484] Last level dTLB entries: 4KB 0, 2MB 0, 4MB 0, 1GB 0
[    0.137317] Spectre V1 : Mitigation: usercopy/swapgs barriers and __user pointer sanitization
[    0.138571] Spectre V2 : Mitigation: Full generic retpoline
[    0.139473] Spectre V2 : Spectre v2 / SpectreRSB mitigation: Filling RSB on context switch
[    0.140688] Speculative Store Bypass: Vulnerable
[    0.141524] MDS: Mitigation: Clear CPU buffers
[    0.145344] Freeing SMP alternatives memory: 36K
[    0.152050] ftrace: allocating 32380 entries in 127 pages
[    0.203023] smpboot: APIC(0) Converting physical 0 to logical package 0
[    0.204311] smpboot: Max logical packages: 1
[    0.205181] x2apic enabled
[    0.205995] Switched APIC routing to physical x2apic.
[    0.207793] ..TIMER: vector=0x30 apic1=0 pin1=2 apic2=-1 pin2=-1
[    0.317193] smpboot: CPU0: 12th Gen Intel(R) Core(TM) i3-1215U (family: 0x6, model: 0x9a, stepping: 0x4)
[    0.319598] Performance Events: unsupported p6 CPU model 154 no PMU driver, software events only.
[    0.330342] KVM setup paravirtual spinlock
[    0.331556] x86: Booting SMP configuration:
[    0.332694] .... node  #0, CPUs:      #1
[    0.333707] kvm-clock: cpu 1, msr 0:3ffe3041, secondary cpu clock
[    0.339606] mce: CPU supports 0 MCE banks
[    0.342367] x86: Booted up 1 node, 2 CPUs
[    0.343184] smpboot: Total of 2 processors activated (9984.00 BogoMIPS)
[    0.344373] devtmpfs: initialized
[    0.345624] evm: security.selinux
[    0.346235] evm: security.SMACK64
[    0.346858] evm: security.SMACK64EXEC
[    0.347465] evm: security.SMACK64TRANSMUTE
[    0.348226] evm: security.SMACK64MMAP
[    0.348892] evm: security.ima
[    0.349731] evm: security.capability
[    0.350550] clocksource: jiffies: mask: 0xffffffff max_cycles: 0xffffffff, max_idle_ns: 7645041785100000 ns
[    0.352759] futex hash table entries: 512 (order: 3, 32768 bytes)
[    0.353743] pinctrl core: initialized pinctrl subsystem
[    0.354638] RTC time: 22:13:13, date: 01/16/24
[    0.355503] NET: Registered protocol family 16
[    0.364647] cpuidle: using governor ladder
[    0.376891] cpuidle: using governor menu
[    0.377613] PCCT header not found.
[    0.378327] ACPI: bus type PCI registered
[    0.379089] acpiphp: ACPI Hot Plug PCI Controller Driver version: 0.5
[    0.380102] PCI: Using configuration type 1 for base access
[    0.394548] ACPI: Added _OSI(Module Device)
[    0.395462] ACPI: Added _OSI(Processor Device)
[    0.396170] ACPI: Added _OSI(3.0 _SCP Extensions)
[    0.396923] ACPI: Added _OSI(Processor Aggregator Device)
[    0.398246] ACPI: Executed 1 blocks of module-level executable AML code
[    0.400844] ACPI: Interpreter enabled
[    0.401553] ACPI: (supports S0 S5)
[    0.402147] ACPI: Using IOAPIC for interrupt routing
[    0.403043] PCI: Using host bridge windows from ACPI; if necessary, use "pci=nocrs" and report a bug
[    0.406372] ACPI: PCI Root Bridge [PCI0] (domain 0000 [bus 00-ff])
[    0.407277] acpi PNP0A03:00: _OSC: OS supports [ASPM ClockPM Segments MSI]
[    0.408369] acpi PNP0A03:00: _OSC: not requesting OS control; OS requires [ExtendedConfig ASPM ClockPM MSI]
[    0.409781] acpi PNP0A03:00: fail to add MMCONFIG information, can't access extended PCI configuration space under this bridge.
[    0.411686] PCI host bridge to bus 0000:00
[    0.412387] pci_bus 0000:00: root bus resource [io  0x0000-0x0cf7 window]
[    0.413362] pci_bus 0000:00: root bus resource [io  0x0d00-0xffff window]
[    0.414327] pci_bus 0000:00: root bus resource [mem 0x000a0000-0x000bffff window]
[    0.415528] pci_bus 0000:00: root bus resource [mem 0x40000000-0xfdffffff window]
[    0.416733] pci_bus 0000:00: root bus resource [bus 00-ff]
[    0.418698] pci 0000:00:01.1: legacy IDE quirk: reg 0x10: [io  0x01f0-0x01f7]
[    0.419645] pci 0000:00:01.1: legacy IDE quirk: reg 0x14: [io  0x03f6]
[    0.420546] pci 0000:00:01.1: legacy IDE quirk: reg 0x18: [io  0x0170-0x0177]
[    0.421555] pci 0000:00:01.1: legacy IDE quirk: reg 0x1c: [io  0x0376]
[    0.443115] pci 0000:00:07.0: quirk: [io  0x4000-0x403f] claimed by PIIX4 ACPI
[    0.444502] pci 0000:00:07.0: quirk: [io  0x4100-0x410f] claimed by PIIX4 SMB
[    0.450229] ACPI: PCI Interrupt Link [LNKA] (IRQs 5 9 10 *11)
[    0.451545] ACPI: PCI Interrupt Link [LNKB] (IRQs 5 9 *10 11)
[    0.452729] ACPI: PCI Interrupt Link [LNKC] (IRQs 5 *9 10 11)
[    0.453895] ACPI: PCI Interrupt Link [LNKD] (IRQs 5 9 10 *11)
[    0.455104] ACPI: Enabled 2 GPEs in block 00 to 07
[    0.456118] vgaarb: setting as boot device: PCI:0000:00:02.0
[    0.456959] vgaarb: device added: PCI:0000:00:02.0,decodes=io+mem,owns=io+mem,locks=none
[    0.458184] vgaarb: loaded
[    0.458691] vgaarb: bridge control possible 0000:00:02.0
[    0.459622] SCSI subsystem initialized
[    0.460278] ACPI: bus type USB registered
[    0.460929] usbcore: registered new interface driver usbfs
[    0.461701] usbcore: registered new interface driver hub
[    0.462472] usbcore: registered new device driver usb
[    0.464589] PCI: Using ACPI for IRQ routing
[    0.465577] NetLabel: Initializing
[    0.466223] NetLabel:  domain hash size = 128
[    0.466973] NetLabel:  protocols = UNLABELED CIPSOv4
[    0.467805] NetLabel:  unlabeled traffic allowed by default
[    0.468710] amd_nb: Cannot enumerate AMD northbridges
[    0.469520] clocksource: Switched to clocksource kvm-clock
[    0.474775] AppArmor: AppArmor Filesystem Enabled
[    0.475708] pnp: PnP ACPI init
[    0.476695] pnp: PnP ACPI: found 3 devices
[    0.484026] clocksource: acpi_pm: mask: 0xffffff max_cycles: 0xffffff, max_idle_ns: 2085701024 ns
[    0.485618] NET: Registered protocol family 2
[    0.486462] TCP established hash table entries: 8192 (order: 4, 65536 bytes)
[    0.487463] TCP bind hash table entries: 8192 (order: 5, 131072 bytes)
[    0.488353] TCP: Hash tables configured (established 8192 bind 8192)
[    0.489196] UDP hash table entries: 512 (order: 2, 16384 bytes)
[    0.490006] UDP-Lite hash table entries: 512 (order: 2, 16384 bytes)
[    0.490934] NET: Registered protocol family 1
[    0.491636] pci 0000:00:00.0: Limiting direct PCI/PCI transfers
[    0.492463] pci 0000:00:01.0: Activating ISA DMA hang workarounds
[    0.493360] Unpacking initramfs...
[    0.651742] Freeing initrd memory: 14888K
[    0.652458] clocksource: tsc: mask: 0xffffffffffffffff max_cycles: 0x23fa772cf26, max_idle_ns: 440795269835 ns
[    0.653819] platform rtc_cmos: registered platform RTC device (no PNP device found)
[    0.655006] Scanning for low memory corruption every 60 seconds
[    0.656427] audit: initializing netlink subsys (disabled)
[    0.657251] audit: type=2000 audit(1705443198.477:1): initialized
[    0.658280] Initialise system trusted keyring
[    0.659085] HugeTLB registered 2 MB page size, pre-allocated 0 pages
[    0.660689] zbud: loaded
[    0.661384] VFS: Disk quotas dquot_6.6.0
[    0.662084] VFS: Dquot-cache hash table entries: 512 (order 0, 4096 bytes)
[    0.663204] squashfs: version 4.0 (2009/01/31) Phillip Lougher
[    0.664218] fuse init (API version 7.23)
[    0.665022] Key type big_key registered
[    0.665787] Allocating IMA MOK and blacklist keyrings.
[    0.667636] Key type asymmetric registered
[    0.668513] Asymmetric key parser 'x509' registered
[    0.669369] Block layer SCSI generic (bsg) driver version 0.4 loaded (major 249)
[    0.670740] io scheduler noop registered
[    0.671377] io scheduler deadline registered (default)
[    0.672149] io scheduler cfq registered
[    0.672835] pci_hotplug: PCI Hot Plug PCI Core version: 0.5
[    0.673675] pciehp: PCI Express Hot Plug Controller Driver version: 0.4
[    0.674677] ACPI: AC Adapter [AC] (on-line)
[    0.675362] input: Power Button as /devices/LNXSYSTM:00/LNXPWRBN:00/input/input0
[    0.676522] ACPI: Power Button [PWRF]
[    0.677165] input: Sleep Button as /devices/LNXSYSTM:00/LNXSLPBN:00/input/input1
[    0.678327] ACPI: Sleep Button [SLPF]
[    0.679117] GHES: HEST is not enabled!
[    0.680018] ACPI: Battery Slot [BAT0] (battery present)
[    0.682576] Serial: 8250/16550 driver, 32 ports, IRQ sharing enabled
[    0.704465] 00:02: ttyS0 at I/O 0x3f8 (irq = 4, base_baud = 115200) is a 16550A
[    0.707456] Linux agpgart interface v0.103
[    0.709185] loop: module loaded
[    0.710300] scsi host0: ata_piix
[    0.711083] scsi host1: ata_piix
[    0.711668] ata1: PATA max UDMA/33 cmd 0x1f0 ctl 0x3f6 bmdma 0xd000 irq 14
[    0.712600] ata2: PATA max UDMA/33 cmd 0x170 ctl 0x376 bmdma 0xd008 irq 15
[    0.713597] libphy: Fixed MDIO Bus: probed
[    0.714263] tun: Universal TUN/TAP device driver, 1.6
[    0.715031] tun: (C) 1999-2004 Max Krasnyansky <maxk@qualcomm.com>
[    0.716011] PPP generic driver version 2.4.2
[    0.716786] ehci_hcd: USB 2.0 'Enhanced' Host Controller (EHCI) Driver
[    0.717635] ehci-pci: EHCI PCI platform driver
[    0.718298] ehci-platform: EHCI generic platform driver
[    0.719027] ohci_hcd: USB 1.1 'Open' Host Controller (OHCI) Driver
[    0.719859] ohci-pci: OHCI PCI platform driver
[    0.720478] ohci-platform: OHCI generic platform driver
[    0.721201] uhci_hcd: USB Universal Host Controller Interface driver
[    0.722077] i8042: PNP: PS/2 Controller [PNP0303:PS2K,PNP0f03:PS2M] at 0x60,0x64 irq 1,12
[    0.723556] serio: i8042 KBD port at 0x60,0x64 irq 1
[    0.724334] serio: i8042 AUX port at 0x60,0x64 irq 12
[    0.725203] mousedev: PS/2 mouse device common for all mice
[    0.726354] input: AT Translated Set 2 keyboard as /devices/platform/i8042/serio0/input/input2
[    0.728006] rtc_cmos rtc_cmos: rtc core: registered rtc_cmos as rtc0
[    0.728886] rtc_cmos rtc_cmos: alarms up to one day, 114 bytes nvram
[    0.729764] i2c /dev entries driver
[    0.730352] device-mapper: uevent: version 1.0.3
[    0.731136] device-mapper: ioctl: 4.34.0-ioctl (2015-10-28) initialised: dm-devel@redhat.com
[    0.732289] ledtrig-cpu: registered to indicate activity on CPUs
[    0.733554] NET: Registered protocol family 10
[    0.734651] NET: Registered protocol family 17
[    0.735586] Key type dns_resolver registered
[    0.737120] registered taskstats version 1
[    0.738109] Loading compiled-in X.509 certificates
[    0.739308] Loaded X.509 cert 'Build time autogenerated kernel key: cf00e047681d67edb2720680708b7d9498083038'
[    0.740786] zswap: loaded using pool lzo/zbud
[    0.743184] Key type trusted registered
[    0.746433] Key type encrypted registered
[    0.747462] AppArmor: AppArmor sha1 policy hashing enabled
[    0.748698] ima: No TPM chip found, activating TPM-bypass!
[    0.749605] ima: Allocated hash algorithm: sha1
[    0.750343] evm: HMAC attrs: 0x1
[    0.751574]   Magic number: 8:673:249
[    0.752600] rtc_cmos rtc_cmos: setting system clock to 2024-01-16 22:13:13 UTC (1705443193)
[    0.754126] BIOS EDD facility v0.16 2004-Jun-25, 0 devices found
[    0.755020] EDD information not available.
[    0.892860] Freeing unused kernel memory: 1492K
[    0.894319] Write protecting the kernel read-only data: 14336k
[    0.896547] Freeing unused kernel memory: 1584K
[    0.898078] Freeing unused kernel memory: 52K
Loading, please wait...
starting version 229
[    0.910265] random: systemd-udevd: uninitialized urandom read (16 bytes read, 3 bits of entropy available)
[    0.911116] random: udevadm: uninitialized urandom read (16 bytes read, 3 bits of entropy available)
[    0.911140] random: udevadm: uninitialized urandom read (16 bytes read, 3 bits of entropy available)
[    0.914360] random: systemd-udevd: uninitialized urandom read (16 bytes read, 3 bits of entropy available)
[    0.915798] random: systemd-udevd: uninitialized urandom read (16 bytes read, 3 bits of entropy available)
[    0.917170] random: systemd-udevd: uninitialized urandom read (16 bytes read, 3 bits of entropy available)
[    0.919151] random: systemd-udevd: uninitialized urandom read (16 bytes read, 3 bits of entropy available)
[    0.919793] random: udevadm: uninitialized urandom read (16 bytes read, 3 bits of entropy available)
[    0.919842] random: udevadm: uninitialized urandom read (16 bytes read, 3 bits of entropy available)
[    0.919980] random: udevadm: uninitialized urandom read (16 bytes read, 3 bits of entropy available)
[    0.948707] e1000: Intel(R) PRO/1000 Network Driver - version 7.3.21-k8-NAPI
[    0.949869] e1000: Copyright (c) 1999-2006 Intel Corporation.
[    0.952182] Fusion MPT base driver 3.04.20
[    0.953016] Copyright (c) 1999-2008 LSI Corporation
[    0.967771] AVX2 version of gcm_enc/dec engaged.
[    0.968750] AES CTR mode by8 optimization enabled
[    0.971307] Fusion MPT SPI Host driver 3.04.20
[    1.182843] input: ImExPS/2 Generic Explorer Mouse as /devices/platform/i8042/serio1/input/input4
[    1.663433] e1000 0000:00:03.0 eth0: (PCI:33MHz:32-bit) 02:be:82:6b:cc:1d
[    1.664749] e1000 0000:00:03.0 eth0: Intel(R) PRO/1000 Network Connection
[    2.004921] e1000 0000:00:08.0 eth1: (PCI:33MHz:32-bit) 08:00:27:2a:7b:3d
[    2.006226] e1000 0000:00:08.0 eth1: Intel(R) PRO/1000 Network Connection
[    2.007880] mptbase: ioc0: Initiating bringup
[    2.008019] e1000 0000:00:03.0 enp0s3: renamed from eth0
[    2.018111] e1000 0000:00:08.0 enp0s8: renamed from eth1
[    2.073683] ioc0: LSI53C1030 A0: Capabilities={Initiator}
[    2.236272] scsi host2: ioc0: LSI53C1030 A0, FwRev=00000000h, Ports=1, MaxQ=256, IRQ=20
[    2.350296] scsi 2:0:0:0: Direct-Access     VBOX     HARDDISK         1.0  PQ: 0 ANSI: 5
[    2.351690] scsi target2:0:0: Beginning Domain Validation
[    2.353058] scsi target2:0:0: Domain Validation skipping write tests
[    2.354059] scsi target2:0:0: Ending Domain Validation
[    2.354886] scsi target2:0:0: asynchronous
[    2.355899] scsi 2:0:1:0: Direct-Access     VBOX     HARDDISK         1.0  PQ: 0 ANSI: 5
[    2.357331] scsi target2:0:1: Beginning Domain Validation
[    2.367563] scsi target2:0:1: Domain Validation skipping write tests
[    2.368619] scsi target2:0:1: Ending Domain Validation
[    2.369583] scsi target2:0:1: asynchronous
[    2.375116] sd 2:0:0:0: Attached scsi generic sg0 type 0
[    2.378902] sd 2:0:0:0: [sda] 83886080 512-byte logical blocks: (42.9 GB/40.0 GiB)
[    2.380648] sd 2:0:0:0: [sda] Write Protect is off
[    2.382554] sd 2:0:1:0: [sdb] 20480 512-byte logical blocks: (10.5 MB/10.0 MiB)
[    2.382603] sd 2:0:1:0: Attached scsi generic sg1 type 0
[    2.384780] sd 2:0:0:0: [sda] Incomplete mode parameter data
[    2.385851] sd 2:0:0:0: [sda] Assuming drive cache: write through
[    2.386077] sd 2:0:1:0: [sdb] Write Protect is off
[    2.386177] sd 2:0:1:0: [sdb] Incomplete mode parameter data
[    2.386179] sd 2:0:1:0: [sdb] Assuming drive cache: write through
[    2.392631] sd 2:0:1:0: [sdb] Attached SCSI disk
[    2.393619]  sda: sda1
[    2.395301] sd 2:0:0:0: [sda] Attached SCSI disk
Begin: Loading essential drivers ... [    3.663102] md: linear personality registered for level -1
[    3.665325] md: multipath personality registered for level -4
[    3.667865] md: raid0 personality registered for level 0
[    3.670843] md: raid1 personality registered for level 1
[    3.757172] raid6: sse2x1   gen() 18652 MB/s
[    3.833238] raid6: sse2x1   xor() 14107 MB/s
[    3.903916] raid6: sse2x2   gen() 24830 MB/s
[    3.978451] raid6: sse2x2   xor() 17194 MB/s
[    4.053237] raid6: sse2x4   gen() 28149 MB/s
[    4.125267] raid6: sse2x4   xor() 13079 MB/s
[    4.205183] raid6: avx2x1   gen() 38998 MB/s
[    4.286525] raid6: avx2x2   gen() 39607 MB/s
[    4.357322] raid6: avx2x4   gen() 34245 MB/s
[    4.358176] raid6: using algorithm avx2x2 gen() 39607 MB/s
[    4.359007] raid6: using avx2x2 recovery algorithm
[    4.360708] xor: automatically using best checksumming function:
[    4.401572]    avx       : 29785.000 MB/sec
[    4.403337] async_tx: api initialized (async)
[    4.410005] md: raid6 personality registered for level 6
[    4.411051] md: raid5 personality registered for level 5
[    4.411961] md: raid4 personality registered for level 4
[    4.419900] md: raid10 personality registered for level 10
done.
Begin: Running /scripts/init-premount ... done.
Begin: Mounting root file system ... Begin: Running /scripts/local-top ... done.
Begin: Running /scripts/local-premount ... [    4.453981] Btrfs loaded
Scanning for Btrfs filesystems
done.
Warning: fsck not present, so skipping root file system
[    4.480204] EXT4-fs (sda1): mounted filesystem with ordered data mode. Opts: (null)
done.
Begin: Running /scripts/local-bottom ... done.
Begin: Running /scripts/init-bottom ... done.
[    4.551191] systemd[1]: systemd 229 running in system mode. (+PAM +AUDIT +SELINUX +IMA +APPARMOR +SMACK +SYSVINIT +UTMP +LIBCRYPTSETUP +GCRYPT +GNUTLS +ACL +XZ -LZ4 +SECCOMP +BLKID +ELFUTILS +KMOD -IDN)
[    4.553861] systemd[1]: Detected virtualization oracle.
[    4.554745] systemd[1]: Detected architecture x86-64.

Welcome to [1mUbuntu 16.04.7 LTS[0m!

[    4.557475] systemd[1]: Set hostname to <ubuntu>.
[    4.559164] systemd[1]: Initializing machine ID from random generator.
[    4.560189] systemd[1]: Installed transient /etc/machine-id file.
[    4.629273] systemd[1]: Listening on LVM2 poll daemon socket.
[[0;32m  OK  [0m] Listening on LVM2 poll daemon socket.
[    4.631024] systemd[1]: Listening on udev Kernel Socket.
[[0;32m  OK  [0m] Listening on udev Kernel Socket.
[    4.632481] systemd[1]: Reached target Encrypted Volumes.
[[0;32m  OK  [0m] Reached target Encrypted Volumes.
[    4.633919] systemd[1]: Listening on Syslog Socket.
[[0;32m  OK  [0m] Listening on Syslog Socket.
[    4.635276] systemd[1]: Listening on LVM2 metadata daemon socket.
[[0;32m  OK  [0m] Listening on LVM2 metadata daemon socket.
[    4.636838] systemd[1]: Reached target User and Group Name Lookups.
[[0;32m  OK  [0m] Reached target User and Group Name Lookups.
[    4.638455] systemd[1]: Reached target System Time Synchronized.
[[0;32m  OK  [0m] Reached target System Time Synchronized.
[    4.639959] systemd[1]: Listening on fsck to fsckd communication Socket.
[[0;32m  OK  [0m] Listening on fsck to fsckd communication Socket.
[    4.641805] systemd[1]: Created slice System Slice.
[[0;32m  OK  [0m] Created slice System Slice.
[    4.643225] systemd[1]: Created slice system-serial\x2dgetty.slice.
[[0;32m  OK  [0m] Created slice system-serial\x2dgetty.slice.
[    4.644778] systemd[1]: Listening on Journal Socket (/dev/log).
[[0;32m  OK  [0m] Listening on Journal Socket (/dev/log).
[    4.657768] systemd[1]: Listening on Journal Socket.
[[0;32m  OK  [0m] Listening on Journal Socket.
[    4.669632] systemd[1]: Mounting Debug File System...
         Mounting Debug File System...
[    4.671617] systemd[1]: Starting Set console keymap...
         Starting Set console keymap...
[    4.673494] systemd[1]: Starting Uncomplicated firewall...
         Starting Uncomplicated firewall...
[    4.675750] systemd[1]: Mounting POSIX Message Queue File System...
         Mounting POSIX Message Queue File System...
[    4.678585] systemd[1]: Starting Load Kernel Modules...
         Starting Load Kernel Modules...
[    4.680518] systemd[1]: Starting Nameserver information manager...
         Starting Nameserver information manager...
[    4.684604] systemd[1]: Mounting Huge Pages File System...
         Mounting Huge Pages File System...
[    4.687016] systemd[1]: Starting Create list of required static device nodes for the current kernel...
         Starting Create list of required st... nodes for the current kernel...
[    4.690452] systemd[1]: Starting File System Check on Root Device...
         Starting File System Check on Root Device...
[    4.692652] systemd[1]: Reached target Swap.
[[0;32m  OK  [0m] Reached target Swap.
[    4.695744] systemd[1]: Created slice User and Session Slice.
[[0;32m  OK  [0m] Created slice User and Session Slice.
[    4.699469] systemd[1]: Listening on Journal Audit Socket.
[[0;32m  OK  [0m] Listening on Journal Audit Socket.
[    4.703495] Loading iSCSI transport class v2.0-870.
[    4.704960] systemd[1]: Set up automount Arbitrary Executable File Formats File System Automount Point.
[[0;32m  OK  [0m] Set up automount Arbitrary Executab...ats File System Automount Point.
[    4.707863] systemd[1]: Started Trigger resolvconf update for networkd DNS.
[[0;32m  OK  [0m] Started Trigger resolvconf update for networkd DNS.
[    4.709787] systemd[1]: Listening on /dev/initctl Compatibility Named Pipe.
[[0;32m  OK  [0m] Listening on /dev/initctl Compatibility Named Pipe.
[    4.712247] systemd[1]: Reached target Slices.
[[0;32m  OK  [0m] Reached target Slices.
[    4.715709] systemd[1]: Listening on Device-mapper event daemon FIFOs.
[[0;32m  OK  [0m] Listening on Device-mapper event daemon FIFOs.
[    4.719286] iscsi: registered transport (tcp)
[    4.732137] iscsi: registered transport (iser)
[    4.741723] systemd[1]: Starting Monitoring of LVM2 mirrors, snapshots etc. using dmeventd or progress polling...
         Starting Monitoring of LVM2 mirrors... dmeventd or progress polling...
[    4.745423] systemd[1]: Starting Journal Service...
         Starting Journal Service...
[    4.748143] systemd[1]: Listening on udev Control Socket.
[[0;32m  OK  [0m] Listening on udev Control Socket.
[    4.750073] systemd[1]: Started Forward Password Requests to Wall Directory Watch.
[[0;32m  OK  [0m] Started Forward Password Requests to Wall Directory Watch.
[    4.757037] systemd[1]: Mounted Huge Pages File System.
[[0;32m  OK  [0m] Mounted Huge Pages File System.
[    4.760162] systemd[1]: Mounted POSIX Message Queue File System.
[[0;32m  OK  [0m] Mounted POSIX Message Queue File System.
[    4.763045] systemd[1]: Mounted Debug File System.
[[0;32m  OK  [0m] Mounted Debug File System.
[    4.765389] systemd[1]: Started Journal Service.
[[0;32m  OK  [0m] Started Journal Service.
[[0;32m  OK  [0m] Started Set console keymap.
[[0;32m  OK  [0m] Started Uncomplicated firewall.
[[0;32m  OK  [0m] Started Load Kernel Modules.
[[0;32m  OK  [0m] Started Create list of required sta...ce nodes for the current kernel.
[[0;32m  OK  [0m] Started File System Check on Root Device.
[[0;32m  OK  [0m] Started Nameserver information manager.
[[0;32m  OK  [0m] Started File System Check Daemon to report status.
[[0;32m  OK  [0m] Started LVM2 metadata daemon.
         Starting Remount Root and Kernel File Systems...
         Starting Create Static Device Nodes in /dev...
         Starting Apply Kernel Variables...
[    4.808265] EXT4-fs (sda1): re-mounted. Opts: (null)
         Mounting FUSE Control File System...
[[0;32m  OK  [0m] Mounted FUSE Control File System.
[[0;32m  OK  [0m] Started Remount Root and Kernel File Systems.
[[0;32m  OK  [0m] Started Apply Kernel Variables.
         Starting Flush Journal to Persistent Storage...
         Starting udev Coldplug all Devices...
         Starting Load/Save Random Seed...
[[0;32m  OK  [0m] Started Load/Save Random Seed.
[[0;32m  OK  [0m] Started Flush Journal to Persistent Storage.
[[0;32m  OK  [0m] Started Create Static Device Nodes in /dev.
         Starting udev Kernel Device Manager...
[[0;32m  OK  [0m] Started udev Kernel Device Manager.
[[0;32m  OK  [0m] Started udev Coldplug all Devices.
[[0;32m  OK  [0m] Started Dispatch Password Requests to Console Directory Watch.
[[0;32m  OK  [0m] Found device /dev/ttyS0.
[[0;32m  OK  [0m] Listening on Load/Save RF Kill Switch Status /dev/rfkill Watch.
[[0;32m  OK  [0m] Started Monitoring of LVM2 mirrors,...ng dmeventd or progress polling.
[[0;32m  OK  [0m] Reached target Local File Systems (Pre).
[[0;32m  OK  [0m] Reached target Local File Systems.
         Starting Commit a transient machine-id on disk...
         Starting Tell Plymouth To Write Out Runtime Data...
         Starting Create Volatile Files and Directories...
         Starting Set console font and keymap...
         Starting Initial cloud-init job (pre-networking)...
         Starting LSB: AppArmor initialization...
[[0;32m  OK  [0m] Started Commit a transient machine-id on disk.
[[0;32m  OK  [0m] Started Tell Plymouth To Write Out Runtime Data.
[[0;32m  OK  [0m] Started Create Volatile Files and Directories.
         Starting Update UTMP about System Boot/Shutdown...
[[0;32m  OK  [0m] Started Update UTMP about System Boot/Shutdown.
[[0;32m  OK  [0m] Started Set console font and keymap.
[[0;32m  OK  [0m] Created slice system-getty.slice.
[[0;32m  OK  [0m] Started LSB: AppArmor initialization.
         Starting Load AppArmor profiles managed internally by snapd...
[[0;32m  OK  [0m] Started Load AppArmor profiles managed internally by snapd.
[    6.090665] cloud-init[632]: Cloud-init v. 21.1-19-gbad84ad4-0ubuntu1~16.04.2 running 'init-local' at Tue, 16 Jan 2024 22:13:18 +0000. Up 5.91 seconds.
[[0;32m  OK  [0m] Started Initial cloud-init job (pre-networking).
[[0;32m  OK  [0m] Reached target Network (Pre).
         Starting Raise network interfaces...
[[0;32m  OK  [0m] Started Raise network interfaces.
[[0;32m  OK  [0m] Reached target Network.
         Starting Initial cloud-init job (metadata service crawler)...
[    7.006120] cloud-init[963]: Cloud-init v. 21.1-19-gbad84ad4-0ubuntu1~16.04.2 running 'init' at Tue, 16 Jan 2024 22:13:19 +0000. Up 6.72 seconds.
[    7.007643] cloud-init[963]: ci-info: ++++++++++++++++++++++++++++++++++++++Net device info+++++++++++++++++++++++++++++++++++++++
[    7.009084] cloud-init[963]: ci-info: +--------+-------+----------------------------+---------------+--------+-------------------+
[    7.010480] cloud-init[963]: ci-info: | Device |   Up  |          Address           |      Mask     | Scope  |     Hw-Address    |
[    7.011857] cloud-init[963]: ci-info: +--------+-------+----------------------------+---------------+--------+-------------------+
[    7.013326] cloud-init[963]: ci-info: | enp0s3 |  True |         10.0.2.15          | 255.255.255.0 | global | 02:be:82:6b:cc:1d |
[    7.014670] cloud-init[963]: ci-info: | enp0s3 |  True | fe80::be:82ff:fe6b:cc1d/64 |       .       |  link  | 02:be:82:6b:cc:1d |
[    7.016050] cloud-init[963]: ci-info: | enp0s8 | False |             .              |       .       |   .    | 08:00:27:2a:7b:3d |
[    7.017339] cloud-init[963]: ci-info: |   lo   |  True |         127.0.0.1          |   255.0.0.0   |  host  |         .         |
[    7.018416] cloud-init[963]: ci-info: |   lo   |  True |          ::1/128           |       .       |  host  |         .         |
[    7.019619] cloud-init[963]: ci-info: +--------+-------+----------------------------+---------------+--------+-------------------+
[    7.020850] cloud-init[963]: ci-info: +++++++++++++++++++++++++++Route IPv4 info++++++++++++++++++++++++++++
[    7.021940] cloud-init[963]: ci-info: +-------+-------------+----------+---------------+-----------+-------+
[    7.023007] cloud-init[963]: ci-info: | Route | Destination | Gateway  |    Genmask    | Interface | Flags |
[    7.024118] cloud-init[963]: ci-info: +-------+-------------+----------+---------------+-----------+-------+
[    7.025217] cloud-init[963]: ci-info: |   0   |   0.0.0.0   | 10.0.2.2 |    0.0.0.0    |   enp0s3  |   UG  |
[    7.026408] cloud-init[963]: ci-info: |   1   |   10.0.2.0  | 0.0.0.0  | 255.255.255.0 |   enp0s3  |   U   |
[    7.027602] cloud-init[963]: ci-info: +-------+-------------+----------+---------------+-----------+-------+
[    7.028730] cloud-init[963]: ci-info: +++++++++++++++++++Route IPv6 info+++++++++++++++++++
[[0;32m  OK  [0m] Started Initial cloud-init job (metadata service crawler).
[    7.030619] [[0;32m  OK  [0m] Reached target Network is Online.
cloud-init[963]: ci-info: +-------+-------------+---------+-----------+-------+
[    7.032842] cloud-init[963]: ci-info: | Route | Destination | Gateway | Interface | Flags |
[    7.033851] cloud-init[963]: ci-info: +-------+-------------+---------+-----------+-------+
[    7.034679] cloud-init[963]: ci-info: |   0   |  fe80::/64  |    ::   |   enp0s3  |   U   |
[    7.035493] cloud-init[963]: ci-info: |   3   |   ff00::/8  |    ::   |   enp0s3  |   U   |
[    7.036390] cloud-init[963]: ci-info: +-------+-------------+---------+-----------+-------+
[    7.037241] cloud-init[963]: Generating public/private rsa key pair.
[    7.038027] cloud-init[963]: Your identification has been saved in /etc/ssh/ssh_host_rsa_key.
[    7.038974] cloud-init[963]: Your public key has been saved in /etc/ssh/ssh_host_rsa_key.pub.
[    7.039887] cloud-init[963]: The key fingerprint is:
[    7.040584] cloud-init[963]: SHA256:OUTn0BhImPcIm/Yq+ydbEYUfYgimgdcRNs0in4tXpWE root@ubuntu-xenial
[    7.041519] cloud-init[963]: The key's randomart image is:
[    7.042184] cloud-init[963]: +---[RSA 2048]----+
[    7.048433] cloud-init[963]: |o oo=X.o=+.      |
         [    7.049365] cloud-init[963]: |.+o.B.Eo++.      |
[    7.049777] cloud-init[963]: |.. o X.O...      |
[    7.050058] cloud-init[963]: |    * +oo.       |
[    7.050339] cloud-init[963]: |   o +. S        |
[    7.050643] cloud-init[963]: |  . o .. .       |
[    7.050930] cloud-init[963]: |   . ..          |
[    7.051230] cloud-init[963]: |  . o..          |
[    7.051520] cloud-init[963]: |  .+o+           |
[    7.051816] cloud-init[963]: +----[SHA256]-----+
[    7.052323] cloud-init[963]: Generating public/private dsa key pair.
[    7.052616] cloud-init[963]: Your identification has been saved in /etc/ssh/ssh_host_dsa_key.
[    7.052941] cloud-init[963]: Your public key has been saved in /etc/ssh/ssh_host_dsa_key.pub.
[    7.053329] cloud-init[963]: The key fingerprint is:
[    7.053621] cloud-init[963]: SHA256:vhFOaet0f+kkSRRFu2+Svq0gCiXzHegfWXnBb2QRjXo root@ubuntu-xenial
[    7.053919] cloud-init[963]: The key's randomart image is:
[    7.054197] cloud-init[963]: +---[DSA 1024]----+
[    7.054488] cloud-init[963]: |            .oo+o|
[    7.054795] cloud-init[963]: |             o..o|
[    7.055103] cloud-init[963]: |            ..+ o|
[    7.055387] cloud-init[963]: |         o ...E* |
[    7.055675] cloud-init[963]: |      o S . +.o o|
[    7.055983] cloud-init[963]: |       @ + = o + |
[    7.056278] cloud-init[963]: |      . O * + +.o|
[    7.056559] cloud-init[963]: |       + * + =o+ |
[    7.056855] cloud-init[963]: |        + . .o=o.|
[    7.057183] cloud-init[963]: +----[SHA256]-----+
[    7.057467] cloud-init[963]: Generating public/private ecdsa key pair.
[    7.057758] cloud-init[963]: Your identification has been saved in /etc/ssh/ssh_host_ecdsa_key.
[    7.058059] cloud-init[963]: Your public key has been saved in /etc/ssh/ssh_host_ecdsa_key.pub.
[    7.058342] cloud-init[963]: The key fingerprint is:
[    7.058625] cloud-init[963]: SHA256:aWjk/qVC4Eo+8fbxjVfYJIeVHnfQL+ZlpTIQAo6W9N0 root@ubuntu-xenial
[    7.058919] cloud-init[963]: The key's randomart image is:
[    7.059221] cloud-init[963]: +---[ECDSA 256]---+
[    7.059496] cloud-init[963]: |    . ... .. ..o |
[    7.059766] cloud-init[963]: |   . = . o. + . +|
[    7.060092] cloud-init[963]: |    + + . E= o oo|
[    7.060401] cloud-init[963]: |   ..o . .o * + +|
[    7.060673] cloud-init[963]: |   . .+ S  * = + |
[    7.060967] cloud-init[963]: |  o .o..  . o .  |
[    7.061282] cloud-init[963]: | o + .o   ..     |
[    7.061569] cloud-init[963]: |  + o .+ =.      |
[    7.061861] cloud-init[963]: |   o ...=..      |
[    7.062154] cloud-init[963]: +----[SHA256]-----+
[    7.062461] cloud-init[963]: Generating public/private ed25519 key pair.
[    7.062749] cloud-init[963]: Your identification has been saved in /etc/ssh/ssh_host_ed25519_key.
[    7.063041] cloud-init[963]: Your public key has been saved in /etc/ssh/ssh_host_ed25519_key.pub.
[    7.063337] cloud-init[963]: The key fingerprint is:
[    7.063638] cloud-init[963]: SHA256:XJaoxDz0uFPba5fXwSaGkctOtif4mWO7+FQoVYBD5ew root@ubuntu-xenial
[    7.063930] cloud-init[963]: The key's randomart image is:
[    7.064332] cloud-init[963]: +--[ED25519 256]--+
[    7.064629] cloud-init[963]: |      . ..oo..   |
[    7.064919] cloud-init[963]: |     + o +o.o    |
[    7.065402] cloud-init[963]: |      * + =*     |
[    7.065657] cloud-init[963]: |     . * =+ = .  |
[    7.065940] cloud-init[963]: |      + S..E + + |
[    7.066230] cloud-init[963]: |       .  *.+.o..|
[    7.066520] cloud-init[963]: |         .o=o.. .|
[    7.066827] cloud-init[963]: |         .++=.   |
[    7.067118] cloud-init[963]: |         .oB+    |
[    7.067411] cloud-init[963]: +----[SHA256]-----+
Starting iSCSI initiator daemon (iscsid)...
[[0;32m  OK  [0m] Reached target Cloud-config availability.
[[0;32m  OK  [0m] Reached target System Initialization.
         Starting Socket activation for snappy daemon.
[[0;32m  OK  [0m] Started Ubuntu Advantage update messaging.
[[0;32m  OK  [0m] Started Daily Cleanup of Temporary Directories.
[[0;32m  OK  [0m] Started Daily apt download activities.
[[0;32m  OK  [0m] Started Daily apt upgrade and clean activities.
[[0;32m  OK  [0m] Listening on ACPID Listen Socket.
[[0;32m  OK  [0m] Listening on D-Bus System Message Bus Socket.
[[0;32m  OK  [0m] Listening on UUID daemon activation socket.
         Starting LXD - unix socket.
[[0;32m  OK  [0m] Started Message of the Day.
[[0;32m  OK  [0m] Reached target Timers.
[[0;32m  OK  [0m] Started ACPI Events Check.
[[0;32m  OK  [0m] Reached target Paths.
[[0;32m  OK  [0m] Listening on Socket activation for snappy daemon.
[[0;32m  OK  [0m] Listening on LXD - unix socket.
[[0;32m  OK  [0m] Reached target Sockets.
[[0;32m  OK  [0m] Reached target Basic System.
[[0;32m  OK  [0m] Started Regular background program processing daemon.
         Starting Accounts Service...
         Starting Pollinate to seed the pseudo random number generator...
         Starting /etc/rc.local Compatibility...
         Starting LSB: Record successful boot for GRUB...
[[0;32m  OK  [0m] Started D-Bus System Message Bus.
         Starting LXD - container startup/shutdown...
         Starting LSB: MD monitoring daemon...
         Starting Login Service...
[[0;32m  OK  [0m] Started FUSE filesystem for LXC.
[[0;32m  OK  [0m] Started Deferred execution scheduler.
         Starting Virtualbox guest utils...
[[0;32m  OK  [0m] Started ACPI event daemon.
         Starting System Logging Service...
         Starting Snap Daemon...
[[0;32m  OK  [0m] Started iSCSI initiator daemon (iscsid).
[[0;32m  OK  [0m] Started /etc/rc.local Compatibility.
         Starting Login to default iSCSI targets...
[[0;32m  OK  [0m] Started System Logging Service.
[[0;32m  OK  [0m] Started Login Service.
[[0;32m  OK  [0m] Started Unattended Upgrades Shutdown.
         Starting Authenticate and Authorize Users to Run Privileged Tasks...
[[0;32m  OK  [0m] Started Login to default iSCSI targets.
[[0;32m  OK  [0m] Reached target Remote File Systems (Pre).
[[0;32m  OK  [0m] Reached target Remote File Systems.
         Starting LSB: daemon to balance interrupts for SMP systems...
         Starting Permit User Sessions...
         Starting LSB: automatic crash report generation...
         Starting LSB: Set the CPU Frequency Scaling governor to "ondemand"...
[[0;32m  OK  [0m] Started LSB: Record successful boot for GRUB.
[[0;32m  OK  [0m] Started Permit User Sessions.
[[0;32m  OK  [0m] Started Authenticate and Authorize Users to Run Privileged Tasks.
         Starting Terminate Plymouth Boot Screen...
         Starting Hold until boot process finishes up...
[[0;32m  OK  [0m] Started Hold until boot process finishes up.
         Starting Set console scheme...
[[0;32m  OK  [0m] Started Serial Getty on ttyS0.
[[0;32m  OK  [0m] Started Getty on tty1.
[[0;32m  OK  [0m] Reached target Login Prompts.
[[0;32m  OK  [0m] Started Terminate Plymouth Boot Screen.
[[0;32m  OK  [0m] Started Set console scheme.
[[0;32m  OK  [0m] Started Accounts Service.
[[0;32m  OK  [0m] Started LSB: Set the CPU Frequency Scaling governor to "ondemand".
[[0;32m  OK  [0m] Started LXD - container startup/shutdown.
[[0;32m  OK  [0m] Started LSB: MD monitoring daemon.
[[0;32m  OK  [0m] Started LSB: automatic crash report generation.
[[0;32m  OK  [0m] Started LSB: daemon to balance interrupts for SMP systems.
[[0;32m  OK  [0m] Started Virtualbox guest utils.
[[0;32m  OK  [0m] Started Snap Daemon.
         Starting Wait until snapd is fully seeded...
[[0;32m  OK  [0m] Started Pollinate to seed the pseudo random number generator.
         Starting OpenBSD Secure Shell server...
[[0;32m  OK  [0m] Started OpenBSD Secure Shell server.
[[0;32m  OK  [0m] Started Wait until snapd is fully seeded.
         Starting Apply the settings specified in cloud-config...
[[0;32m  OK  [0m] Reached target Multi-User System.
[[0;32m  OK  [0m] Reached target Graphical Interface.
         Starting Update UTMP about System Runlevel Changes...
[[0;32m  OK  [0m] Started Update UTMP about System Runlevel Changes.
[    9.319165] cloud-init[1303]: Generating locales (this might take a while)...
[    9.701185] cloud-init[1303]:   en_US.UTF-8... done
[    9.702574] cloud-init[1303]: Generation complete.
[    9.869462] cloud-init[1303]: Cloud-init v. 21.1-19-gbad84ad4-0ubuntu1~16.04.2 running 'modules:config' at Tue, 16 Jan 2024 22:13:22 +0000. Up 9.26 seconds.
[[0;32m  OK  [0m] Started Apply the settings specified in cloud-config.
         Starting Execute cloud user/final scripts...
ci-info: no authorized SSH keys fingerprints found for user ubuntu.
<14>Jan 16 22:13:22 ec2: 
<14>Jan 16 22:13:22 ec2: #############################################################
<14>Jan 16 22:13:22 ec2: -----BEGIN SSH HOST KEY FINGERPRINTS-----
<14>Jan 16 22:13:22 ec2: 1024 SHA256:vhFOaet0f+kkSRRFu2+Svq0gCiXzHegfWXnBb2QRjXo root@ubuntu-xenial (DSA)
<14>Jan 16 22:13:22 ec2: 256 SHA256:aWjk/qVC4Eo+8fbxjVfYJIeVHnfQL+ZlpTIQAo6W9N0 root@ubuntu-xenial (ECDSA)
<14>Jan 16 22:13:22 ec2: 256 SHA256:XJaoxDz0uFPba5fXwSaGkctOtif4mWO7+FQoVYBD5ew root@ubuntu-xenial (ED25519)
<14>Jan 16 22:13:22 ec2: 2048 SHA256:OUTn0BhImPcIm/Yq+ydbEYUfYgimgdcRNs0in4tXpWE root@ubuntu-xenial (RSA)
<14>Jan 16 22:13:22 ec2: -----END SSH HOST KEY FINGERPRINTS-----
<14>Jan 16 22:13:22 ec2: #############################################################
-----BEGIN SSH HOST KEY KEYS-----
ecdsa-sha2-nistp256 AAAAE2VjZHNhLXNoYTItbmlzdHAyNTYAAAAIbmlzdHAyNTYAAABBBNkj1DBhgM+wUZkcG5+FLA9kv7q92KBZAayqhbM5A22vio7wO071eeCwBFcaGywMtEEcDSiVKb6KO2O+BzFL194= root@ubuntu-xenial
ssh-ed25519 AAAAC3NzaC1lZDI1NTE5AAAAIKdNiGvKshHB7rAA/+9QG0zG5zkdvddvOTjWEcGy1PKD root@ubuntu-xenial
ssh-rsa AAAAB3NzaC1yc2EAAAADAQABAAABAQDQyoj6h9p4J52wRm6TO8wcfU/S7wt+u5YcaojIlxYQRLY0hf2GmiOP7cCvOsKtpovIz5QxLps+YwlQ9NDDwXJezYMbA2KjafzcA15G4iXrhfOCnFCZb6CZ39tvjJgom6MfSYiYWTcXdwtCH3YNO6406ki36NV+oKXS9hbhB/Vv/tbAaA/z0j0q9MMwn045w7ViHtaiQO+tS59OQDHwMg76iLqRFEoIHdGM/0CXuA7bq2LvsQSp2opr0+CleiccoJXTZ0OSrFf+PVJ95lGw79M4h8fLvbk341kGVke0NXSPzZ0t5VOZ4/O6VYJ+eurIm3JBiRxN51Edv3fCwFEZyEjT root@ubuntu-xenial
-----END SSH HOST KEY KEYS-----
[   10.113711] cloud-init[1346]: Cloud-init v. 21.1-19-gbad84ad4-0ubuntu1~16.04.2 running 'modules:final' at Tue, 16 Jan 2024 22:13:22 +0000. Up 10.02 seconds.
[   10.116247] cloud-init[1346]: ci-info: no authorized SSH keys fingerprints found for user ubuntu.
[   10.118116] cloud-init[1346]: Cloud-init v. 21.1-19-gbad84ad4-0ubuntu1~16.04.2 finished at Tue, 16 Jan 2024 22:13:23 +0000. Datasource DataSourceNoCloud [seed=/dev/sdb][dsmode=net].  Up 10.11 seconds
[[0;32m  OK  [0m] Started Execute cloud user/final scripts.
[[0;32m  OK  [0m] Reached target Cloud-init target.

Ubuntu 16.04.7 LTS ubuntu-xenial ttyS0

ubuntu-xenial login:                                                                                                                                                                                                                                                                                                    